<?xml version="1.0" encoding="UTF-8"?>
<!-- Generated by org.testng.reporters.JUnitReportReporter -->
<testsuite hostname="Spidy" failures="0" tests="1" name="com.ninza.hrm.api.employeetest.EmployeeTest" time="2.362" errors="0" timestamp="2024-11-28T17:16:18 IST" skipped="0">
  <testcase classname="com.ninza.hrm.api.employeetest.EmployeeTest" name="addEmployeWithOutEmailTest" time="2.362"/>
</testsuite> <!-- com.ninza.hrm.api.employeetest.EmployeeTest -->
