<?xml version="1.0" encoding="UTF-8"?>
<!-- Generated by org.testng.reporters.JUnitReportReporter -->
<testsuite hostname="Spidy" failures="0" tests="2" name="com.ninza.hrm.api.project_UsingUtilitytest.Project_UsingUtilityTest" time="2.158" errors="0" timestamp="2024-12-10T11:04:23 IST" skipped="0">
  <testcase classname="com.ninza.hrm.api.project_UsingUtilitytest.Project_UsingUtilityTest" name="addDuplicateProject" time="0.158"/>
  <testcase classname="com.ninza.hrm.api.project_UsingUtilitytest.Project_UsingUtilityTest" name="addSingleProjectWithCreatedTest" time="2.000"/>
</testsuite> <!-- com.ninza.hrm.api.project_UsingUtilitytest.Project_UsingUtilityTest -->
