<?xml version="1.0" encoding="UTF-8"?>
<!-- Generated by org.testng.reporters.JUnitReportReporter -->
<testsuite hostname="Spidy" failures="0" tests="2" name="com.ninza.hrm.api.employee_UsingUtilitytest.Employee_UsingUtilityTest" time="0.804" errors="0" timestamp="2024-12-10T11:04:23 IST" skipped="0">
  <testcase classname="com.ninza.hrm.api.employee_UsingUtilitytest.Employee_UsingUtilityTest" name="addEmployeWithOutEmailTest" time="0.347"/>
  <testcase classname="com.ninza.hrm.api.employee_UsingUtilitytest.Employee_UsingUtilityTest" name="addEmployeeToProject" time="0.457"/>
</testsuite> <!-- com.ninza.hrm.api.employee_UsingUtilitytest.Employee_UsingUtilityTest -->
