<?xml version="1.0" encoding="UTF-8"?>
<!-- Generated by org.testng.reporters.JUnitReportReporter -->
<testsuite hostname="Spidy" failures="0" tests="2" name="com.ninza.hrm.api.projecttest.ProjectTest" time="2.962" errors="0" timestamp="2024-11-28T16:34:21 IST" skipped="0">
  <testcase classname="com.ninza.hrm.api.projecttest.ProjectTest" name="addDuplicateProject" time="0.134"/>
  <testcase classname="com.ninza.hrm.api.projecttest.ProjectTest" name="addSingleProjectWithCreatedTest" time="2.828"/>
</testsuite> <!-- com.ninza.hrm.api.projecttest.ProjectTest -->
